<?xml version="1.0" encoding="UTF-8"?>
<testng-results ignored="0" total="2" passed="0" failed="2" skipped="0">
  <reporter-output>
  </reporter-output>
  <suite started-at="2021-05-04T08:34:16 IST" name="Test runner" finished-at="2021-05-04T08:34:47 IST" duration-ms="31865">
    <groups>
      <group name="cucumber">
        <method signature="AbstractTestNGCucumberTests.runScenario(io.cucumber.testng.PickleWrapper, io.cucumber.testng.FeatureWrapper)[pri:0, instance:zoho.runner.MyRunner@3571b748]" name="runScenario" class="io.cucumber.testng.AbstractTestNGCucumberTests"/>
      </group> <!-- cucumber -->
    </groups>
    <test started-at="2021-05-04T08:34:16 IST" name="Cucumber Runner" finished-at="2021-05-04T08:34:47 IST" duration-ms="31865">
      <class name="zoho.runner.MyRunner">
        <test-method is-config="true" signature="setUpClass()[pri:0, instance:zoho.runner.MyRunner@3571b748]" started-at="2021-05-04T08:34:16 IST" name="setUpClass" finished-at="2021-05-04T08:34:18 IST" duration-ms="2220" status="PASS">
          <reporter-output>
          </reporter-output>
        </test-method> <!-- setUpClass -->
        <test-method signature="runScenario(io.cucumber.testng.PickleWrapper, io.cucumber.testng.FeatureWrapper)[pri:0, instance:zoho.runner.MyRunner@3571b748]" started-at="2021-05-04T08:34:18 IST" name="runScenario" description="Runs Cucumber Scenarios" data-provider="scenarios" finished-at="2021-05-04T08:34:40 IST" duration-ms="22070" status="FAIL">
          <params>
            <param index="0">
              <value>
                <![CDATA["Deletion of the lead"]]>
              </value>
            </param>
            <param index="1">
              <value>
                <![CDATA["Optional[Managing Leads]"]]>
              </value>
            </param>
          </params>
          <exception class="org.openqa.selenium.SessionNotCreatedException">
            <message>
              <![CDATA[session not created
from disconnected: received Inspector.detached event
  (Session info: chrome=90.0.4430.93)
Build info: version: '3.141.59', revision: 'e82be7d358', time: '2018-11-14T08:17:03'
System info: host: 'DESKTOP-RTOOT5Q', ip: '192.168.1.5', os.name: 'Windows 10', os.arch: 'amd64', os.version: '10.0', java.version: '11.0.10'
Driver info: driver.version: ChromeDriver
remote stacktrace: Backtrace:
Ordinal0 [0x0080E7D3+124883]
Ordinal0 [0x0080E7B1+124849]
GetHandleVerifier [0x00A58688+193832]
GetHandleVerifier [0x00A4CB71+145937]
GetHandleVerifier [0x00A4C7F9+145049]
GetHandleVerifier [0x00A4BF7D+142877]
GetHandleVerifier [0x00A4B45E+140030]
GetHandleVerifier [0x00A4B6E6+140678]
GetHandleVerifier [0x00A4B025+138949]
GetHandleVerifier [0x00A54679+177433]
GetHandleVerifier [0x00A4AFE1+138881]
GetHandleVerifier [0x00A4BD62+142338]
GetHandleVerifier [0x00A4B45E+140030]
GetHandleVerifier [0x00A4B6E6+140678]
GetHandleVerifier [0x00A4B025+138949]
GetHandleVerifier [0x00A52A0A+170154]
GetHandleVerifier [0x00A4AFE1+138881]
GetHandleVerifier [0x00A4BD62+142338]
GetHandleVerifier [0x00A4B45E+140030]
GetHandleVerifier [0x00A4B6E6+140678]
GetHandleVerifier [0x00A4B025+138949]
GetHandleVerifier [0x00A50D69+162825]
GetHandleVerifier [0x00A4AFE1+138881]
GetHandleVerifier [0x00A4BD62+142338]
GetHandleVerifier [0x00A4B45E+140030]
GetHandleVerifier [0x00A4B6E6+140678]
GetHandleVerifier [0x00A4B025+138949]
GetHandleVerifier [0x00A5017C+159772]
GetHandleVerifier [0x00A4AFE1+138881]
GetHandleVerifier [0x00A4BD62+142338]
GetHandleVerifier [0x00A4B45E+140030]
GetHandleVerifier [0x00A4B6E6+140678]
GetHandleVerifier [0x00A4B025+138949]
GetHandleVerifier [0x00A476ED+124301]
GetHandleVerifier [0x00A4AFE1+138881]
GetHandleVerifier [0x00A4AE03+138403]
GetHandleVerifier [0x00A4ABF7+137879]
GetHandleVerifier [0x00A59930+198608]
GetHandleVerifier [0x00A95758+443896]
GetHandleVerifier [0x00A947FC+439964]
GetHandleVerifier [0x00A9154B+426987]
GetHandleVerifier [0x00A74FFD+310941]
GetHandleVerifier [0x00A75D8E+314414]
GetHandleVerifier [0x00A75D19+314297]
GetHandleVerifier [0x00B331EC+1089676]
GetHandleVerifier [0x00B317C9+1082985]
GetHandleVerifier [0x00B313A3+1081923]
GetHandleVerifier [0x00C2D9FD+2115741]
Ordinal0 [0x0095B82E+1488942]
Ordinal0 [0x008F5A7D+1071741]
Ordinal0 [0x008F559B+1070491]
Ordinal0 [0x008F54B1+1070257]
Ordinal0 [0x0092FF53+1310547]
BaseThreadInitThunk [0x77806359+25]
RtlGetAppContainerNamedObjectPath [0x77C587A4+228]
RtlGetAppContainerNamedObjectPath [0x77C58774+180]
]]>
            </message>
            <full-stacktrace>
              <![CDATA[org.openqa.selenium.SessionNotCreatedException: session not created
from disconnected: received Inspector.detached event
  (Session info: chrome=90.0.4430.93)
Build info: version: '3.141.59', revision: 'e82be7d358', time: '2018-11-14T08:17:03'
System info: host: 'DESKTOP-RTOOT5Q', ip: '192.168.1.5', os.name: 'Windows 10', os.arch: 'amd64', os.version: '10.0', java.version: '11.0.10'
Driver info: driver.version: ChromeDriver
remote stacktrace: Backtrace:
Ordinal0 [0x0080E7D3+124883]
Ordinal0 [0x0080E7B1+124849]
GetHandleVerifier [0x00A58688+193832]
GetHandleVerifier [0x00A4CB71+145937]
GetHandleVerifier [0x00A4C7F9+145049]
GetHandleVerifier [0x00A4BF7D+142877]
GetHandleVerifier [0x00A4B45E+140030]
GetHandleVerifier [0x00A4B6E6+140678]
GetHandleVerifier [0x00A4B025+138949]
GetHandleVerifier [0x00A54679+177433]
GetHandleVerifier [0x00A4AFE1+138881]
GetHandleVerifier [0x00A4BD62+142338]
GetHandleVerifier [0x00A4B45E+140030]
GetHandleVerifier [0x00A4B6E6+140678]
GetHandleVerifier [0x00A4B025+138949]
GetHandleVerifier [0x00A52A0A+170154]
GetHandleVerifier [0x00A4AFE1+138881]
GetHandleVerifier [0x00A4BD62+142338]
GetHandleVerifier [0x00A4B45E+140030]
GetHandleVerifier [0x00A4B6E6+140678]
GetHandleVerifier [0x00A4B025+138949]
GetHandleVerifier [0x00A50D69+162825]
GetHandleVerifier [0x00A4AFE1+138881]
GetHandleVerifier [0x00A4BD62+142338]
GetHandleVerifier [0x00A4B45E+140030]
GetHandleVerifier [0x00A4B6E6+140678]
GetHandleVerifier [0x00A4B025+138949]
GetHandleVerifier [0x00A5017C+159772]
GetHandleVerifier [0x00A4AFE1+138881]
GetHandleVerifier [0x00A4BD62+142338]
GetHandleVerifier [0x00A4B45E+140030]
GetHandleVerifier [0x00A4B6E6+140678]
GetHandleVerifier [0x00A4B025+138949]
GetHandleVerifier [0x00A476ED+124301]
GetHandleVerifier [0x00A4AFE1+138881]
GetHandleVerifier [0x00A4AE03+138403]
GetHandleVerifier [0x00A4ABF7+137879]
GetHandleVerifier [0x00A59930+198608]
GetHandleVerifier [0x00A95758+443896]
GetHandleVerifier [0x00A947FC+439964]
GetHandleVerifier [0x00A9154B+426987]
GetHandleVerifier [0x00A74FFD+310941]
GetHandleVerifier [0x00A75D8E+314414]
GetHandleVerifier [0x00A75D19+314297]
GetHandleVerifier [0x00B331EC+1089676]
GetHandleVerifier [0x00B317C9+1082985]
GetHandleVerifier [0x00B313A3+1081923]
GetHandleVerifier [0x00C2D9FD+2115741]
Ordinal0 [0x0095B82E+1488942]
Ordinal0 [0x008F5A7D+1071741]
Ordinal0 [0x008F559B+1070491]
Ordinal0 [0x008F54B1+1070257]
Ordinal0 [0x0092FF53+1310547]
BaseThreadInitThunk [0x77806359+25]
RtlGetAppContainerNamedObjectPath [0x77C587A4+228]
RtlGetAppContainerNamedObjectPath [0x77C58774+180]

at java.base/jdk.internal.reflect.NativeConstructorAccessorImpl.newInstance0(Native Method)
at java.base/jdk.internal.reflect.NativeConstructorAccessorImpl.newInstance(NativeConstructorAccessorImpl.java:62)
at java.base/jdk.internal.reflect.DelegatingConstructorAccessorImpl.newInstance(DelegatingConstructorAccessorImpl.java:45)
at java.base/java.lang.reflect.Constructor.newInstance(Constructor.java:490)
at org.openqa.selenium.remote.W3CHandshakeResponse.lambda$errorHandler$0(W3CHandshakeResponse.java:62)
at org.openqa.selenium.remote.HandshakeResponse.lambda$getResponseFunction$0(HandshakeResponse.java:30)
at org.openqa.selenium.remote.ProtocolHandshake.lambda$createSession$0(ProtocolHandshake.java:126)
at java.base/java.util.stream.ReferencePipeline$3$1.accept(ReferencePipeline.java:195)
at java.base/java.util.Spliterators$ArraySpliterator.tryAdvance(Spliterators.java:958)
at java.base/java.util.stream.ReferencePipeline.forEachWithCancel(ReferencePipeline.java:127)
at java.base/java.util.stream.AbstractPipeline.copyIntoWithCancel(AbstractPipeline.java:502)
at java.base/java.util.stream.AbstractPipeline.copyInto(AbstractPipeline.java:488)
at java.base/java.util.stream.AbstractPipeline.wrapAndCopyInto(AbstractPipeline.java:474)
at java.base/java.util.stream.FindOps$FindOp.evaluateSequential(FindOps.java:150)
at java.base/java.util.stream.AbstractPipeline.evaluate(AbstractPipeline.java:234)
at java.base/java.util.stream.ReferencePipeline.findFirst(ReferencePipeline.java:543)
at org.openqa.selenium.remote.ProtocolHandshake.createSession(ProtocolHandshake.java:128)
at org.openqa.selenium.remote.ProtocolHandshake.createSession(ProtocolHandshake.java:74)
at org.openqa.selenium.remote.HttpCommandExecutor.execute(HttpCommandExecutor.java:136)
at org.openqa.selenium.remote.service.DriverCommandExecutor.execute(DriverCommandExecutor.java:83)
at org.openqa.selenium.remote.RemoteWebDriver.execute(RemoteWebDriver.java:552)
at org.openqa.selenium.remote.RemoteWebDriver.startSession(RemoteWebDriver.java:213)
at org.openqa.selenium.remote.RemoteWebDriver.<init>(RemoteWebDriver.java:131)
at org.openqa.selenium.chrome.ChromeDriver.<init>(ChromeDriver.java:181)
at org.openqa.selenium.chrome.ChromeDriver.<init>(ChromeDriver.java:168)
at org.openqa.selenium.chrome.ChromeDriver.<init>(ChromeDriver.java:157)
at zoho.managers.WebDriverManager.openBrowser(WebDriverManager.java:86)
at zoho.pages.HomePage.load(HomePage.java:16)
at zoho.teststeps.Session.zohoLogin(Session.java:23)
at ✽.I am logged in zoho.com(file:///D:/Whizdom-Trainings/Online%20Training%20Workspace/March2021/ZOHOCucumberPOM/src/test/resources/zoho/leads.feature:24)
]]>
            </full-stacktrace>
          </exception> <!-- org.openqa.selenium.SessionNotCreatedException -->
          <reporter-output>
          </reporter-output>
        </test-method> <!-- runScenario -->
        <test-method signature="runScenario(io.cucumber.testng.PickleWrapper, io.cucumber.testng.FeatureWrapper)[pri:0, instance:zoho.runner.MyRunner@3571b748]" started-at="2021-05-04T08:34:18 IST" name="runScenario" description="Runs Cucumber Scenarios" data-provider="scenarios" finished-at="2021-05-04T08:34:47 IST" duration-ms="29318" status="FAIL">
          <params>
            <param index="0">
              <value>
                <![CDATA["Creation of a Lead"]]>
              </value>
            </param>
            <param index="1">
              <value>
                <![CDATA["Optional[Managing Leads]"]]>
              </value>
            </param>
          </params>
          <exception class="org.openqa.selenium.SessionNotCreatedException">
            <message>
              <![CDATA[session not created
from chrome not reachable
  (Session info: chrome=90.0.4430.93)
Build info: version: '3.141.59', revision: 'e82be7d358', time: '2018-11-14T08:17:03'
System info: host: 'DESKTOP-RTOOT5Q', ip: '192.168.1.5', os.name: 'Windows 10', os.arch: 'amd64', os.version: '10.0', java.version: '11.0.10'
Driver info: driver.version: ChromeDriver
remote stacktrace: Backtrace:
Ordinal0 [0x0080E7D3+124883]
Ordinal0 [0x0080E7B1+124849]
GetHandleVerifier [0x00A58530+193488]
GetHandleVerifier [0x00A4E424+152260]
GetHandleVerifier [0x00A4EAE6+153990]
GetHandleVerifier [0x00A4FDD5+158837]
GetHandleVerifier [0x00A4AC51+137969]
GetHandleVerifier [0x00A59930+198608]
GetHandleVerifier [0x00A95758+443896]
GetHandleVerifier [0x00A947FC+439964]
GetHandleVerifier [0x00A9154B+426987]
GetHandleVerifier [0x00A74FFD+310941]
GetHandleVerifier [0x00A75D8E+314414]
GetHandleVerifier [0x00A75D19+314297]
GetHandleVerifier [0x00B331EC+1089676]
GetHandleVerifier [0x00B317C9+1082985]
GetHandleVerifier [0x00B313A3+1081923]
GetHandleVerifier [0x00C2D9FD+2115741]
Ordinal0 [0x0095B82E+1488942]
Ordinal0 [0x008F5A7D+1071741]
Ordinal0 [0x008F559B+1070491]
Ordinal0 [0x008F54B1+1070257]
Ordinal0 [0x0092FF53+1310547]
BaseThreadInitThunk [0x77806359+25]
RtlGetAppContainerNamedObjectPath [0x77C587A4+228]
RtlGetAppContainerNamedObjectPath [0x77C58774+180]
]]>
            </message>
            <full-stacktrace>
              <![CDATA[org.openqa.selenium.SessionNotCreatedException: session not created
from chrome not reachable
  (Session info: chrome=90.0.4430.93)
Build info: version: '3.141.59', revision: 'e82be7d358', time: '2018-11-14T08:17:03'
System info: host: 'DESKTOP-RTOOT5Q', ip: '192.168.1.5', os.name: 'Windows 10', os.arch: 'amd64', os.version: '10.0', java.version: '11.0.10'
Driver info: driver.version: ChromeDriver
remote stacktrace: Backtrace:
Ordinal0 [0x0080E7D3+124883]
Ordinal0 [0x0080E7B1+124849]
GetHandleVerifier [0x00A58530+193488]
GetHandleVerifier [0x00A4E424+152260]
GetHandleVerifier [0x00A4EAE6+153990]
GetHandleVerifier [0x00A4FDD5+158837]
GetHandleVerifier [0x00A4AC51+137969]
GetHandleVerifier [0x00A59930+198608]
GetHandleVerifier [0x00A95758+443896]
GetHandleVerifier [0x00A947FC+439964]
GetHandleVerifier [0x00A9154B+426987]
GetHandleVerifier [0x00A74FFD+310941]
GetHandleVerifier [0x00A75D8E+314414]
GetHandleVerifier [0x00A75D19+314297]
GetHandleVerifier [0x00B331EC+1089676]
GetHandleVerifier [0x00B317C9+1082985]
GetHandleVerifier [0x00B313A3+1081923]
GetHandleVerifier [0x00C2D9FD+2115741]
Ordinal0 [0x0095B82E+1488942]
Ordinal0 [0x008F5A7D+1071741]
Ordinal0 [0x008F559B+1070491]
Ordinal0 [0x008F54B1+1070257]
Ordinal0 [0x0092FF53+1310547]
BaseThreadInitThunk [0x77806359+25]
RtlGetAppContainerNamedObjectPath [0x77C587A4+228]
RtlGetAppContainerNamedObjectPath [0x77C58774+180]

at java.base/jdk.internal.reflect.NativeConstructorAccessorImpl.newInstance0(Native Method)
at java.base/jdk.internal.reflect.NativeConstructorAccessorImpl.newInstance(NativeConstructorAccessorImpl.java:62)
at java.base/jdk.internal.reflect.DelegatingConstructorAccessorImpl.newInstance(DelegatingConstructorAccessorImpl.java:45)
at java.base/java.lang.reflect.Constructor.newInstance(Constructor.java:490)
at org.openqa.selenium.remote.W3CHandshakeResponse.lambda$errorHandler$0(W3CHandshakeResponse.java:62)
at org.openqa.selenium.remote.HandshakeResponse.lambda$getResponseFunction$0(HandshakeResponse.java:30)
at org.openqa.selenium.remote.ProtocolHandshake.lambda$createSession$0(ProtocolHandshake.java:126)
at java.base/java.util.stream.ReferencePipeline$3$1.accept(ReferencePipeline.java:195)
at java.base/java.util.Spliterators$ArraySpliterator.tryAdvance(Spliterators.java:958)
at java.base/java.util.stream.ReferencePipeline.forEachWithCancel(ReferencePipeline.java:127)
at java.base/java.util.stream.AbstractPipeline.copyIntoWithCancel(AbstractPipeline.java:502)
at java.base/java.util.stream.AbstractPipeline.copyInto(AbstractPipeline.java:488)
at java.base/java.util.stream.AbstractPipeline.wrapAndCopyInto(AbstractPipeline.java:474)
at java.base/java.util.stream.FindOps$FindOp.evaluateSequential(FindOps.java:150)
at java.base/java.util.stream.AbstractPipeline.evaluate(AbstractPipeline.java:234)
at java.base/java.util.stream.ReferencePipeline.findFirst(ReferencePipeline.java:543)
at org.openqa.selenium.remote.ProtocolHandshake.createSession(ProtocolHandshake.java:128)
at org.openqa.selenium.remote.ProtocolHandshake.createSession(ProtocolHandshake.java:74)
at org.openqa.selenium.remote.HttpCommandExecutor.execute(HttpCommandExecutor.java:136)
at org.openqa.selenium.remote.service.DriverCommandExecutor.execute(DriverCommandExecutor.java:83)
at org.openqa.selenium.remote.RemoteWebDriver.execute(RemoteWebDriver.java:552)
at org.openqa.selenium.remote.RemoteWebDriver.startSession(RemoteWebDriver.java:213)
at org.openqa.selenium.remote.RemoteWebDriver.<init>(RemoteWebDriver.java:131)
at org.openqa.selenium.chrome.ChromeDriver.<init>(ChromeDriver.java:181)
at org.openqa.selenium.chrome.ChromeDriver.<init>(ChromeDriver.java:168)
at org.openqa.selenium.chrome.ChromeDriver.<init>(ChromeDriver.java:157)
at zoho.managers.WebDriverManager.openBrowser(WebDriverManager.java:86)
at zoho.pages.HomePage.load(HomePage.java:16)
at zoho.teststeps.Session.zohoLogin(Session.java:23)
at ✽.I am logged in zoho.com(file:///D:/Whizdom-Trainings/Online%20Training%20Workspace/March2021/ZOHOCucumberPOM/src/test/resources/zoho/leads.feature:24)
]]>
            </full-stacktrace>
          </exception> <!-- org.openqa.selenium.SessionNotCreatedException -->
          <reporter-output>
          </reporter-output>
        </test-method> <!-- runScenario -->
        <test-method is-config="true" signature="tearDownClass()[pri:0, instance:zoho.runner.MyRunner@3571b748]" started-at="2021-05-04T08:34:47 IST" name="tearDownClass" finished-at="2021-05-04T08:34:47 IST" duration-ms="267" status="PASS">
          <reporter-output>
          </reporter-output>
        </test-method> <!-- tearDownClass -->
      </class> <!-- zoho.runner.MyRunner -->
    </test> <!-- Cucumber Runner -->
  </suite> <!-- Test runner -->
</testng-results>
