<?xml version="1.0" encoding="UTF-8"?>
<testsuite xmlns:xsi="http://www.w3.org/2001/XMLSchema-instance" xsi:noNamespaceSchemaLocation="https://maven.apache.org/surefire/maven-surefire-plugin/xsd/surefire-test-report-3.0.xsd" version="3.0" name="TestSuite" time="34.92" tests="2" errors="0" skipped="0" failures="2">
  <properties>
[...]
</properties>
  <testcase name="runScenario" classname="zoho.runner.MyRunner" time="22.12">
    <failure message="session not created&#10;from disconnected: received Inspector.detached event&#10;  (Session info: chrome=90.0.4430.93)&#10;Build info: version: &apos;3.141.59&apos;, revision: &apos;e82be7d358&apos;, time: &apos;2018-11-14T08:17:03&apos;&#10;System info: host: &apos;DESKTOP-RTOOT5Q&apos;, ip: &apos;192.168.1.5&apos;, os.name: &apos;Windows 10&apos;, os.arch: &apos;amd64&apos;, os.version: &apos;10.0&apos;, java.version: &apos;11.0.10&apos;&#10;Driver info: driver.version: ChromeDriver&#10;remote stacktrace: Backtrace:&#10;	Ordinal0 [0x0080E7D3+124883]&#10;	Ordinal0 [0x0080E7B1+124849]&#10;	GetHandleVerifier [0x00A58688+193832]&#10;	GetHandleVerifier [0x00A4CB71+145937]&#10;	GetHandleVerifier [0x00A4C7F9+145049]&#10;	GetHandleVerifier [0x00A4BF7D+142877]&#10;	GetHandleVerifier [0x00A4B45E+140030]&#10;	GetHandleVerifier [0x00A4B6E6+140678]&#10;	GetHandleVerifier [0x00A4B025+138949]&#10;	GetHandleVerifier [0x00A54679+177433]&#10;	GetHandleVerifier [0x00A4AFE1+138881]&#10;	GetHandleVerifier [0x00A4BD62+142338]&#10;	GetHandleVerifier [0x00A4B45E+140030]&#10;	GetHandleVerifier [0x00A4B6E6+140678]&#10;	GetHandleVerifier [0x00A4B025+138949]&#10;	GetHandleVerifier [0x00A52A0A+170154]&#10;	GetHandleVerifier [0x00A4AFE1+138881]&#10;	GetHandleVerifier [0x00A4BD62+142338]&#10;	GetHandleVerifier [0x00A4B45E+140030]&#10;	GetHandleVerifier [0x00A4B6E6+140678]&#10;	GetHandleVerifier [0x00A4B025+138949]&#10;	GetHandleVerifier [0x00A50D69+162825]&#10;	GetHandleVerifier [0x00A4AFE1+138881]&#10;	GetHandleVerifier [0x00A4BD62+142338]&#10;	GetHandleVerifier [0x00A4B45E+140030]&#10;	GetHandleVerifier [0x00A4B6E6+140678]&#10;	GetHandleVerifier [0x00A4B025+138949]&#10;	GetHandleVerifier [0x00A5017C+159772]&#10;	GetHandleVerifier [0x00A4AFE1+138881]&#10;	GetHandleVerifier [0x00A4BD62+142338]&#10;	GetHandleVerifier [0x00A4B45E+140030]&#10;	GetHandleVerifier [0x00A4B6E6+140678]&#10;	GetHandleVerifier [0x00A4B025+138949]&#10;	GetHandleVerifier [0x00A476ED+124301]&#10;	GetHandleVerifier [0x00A4AFE1+138881]&#10;	GetHandleVerifier [0x00A4AE03+138403]&#10;	GetHandleVerifier [0x00A4ABF7+137879]&#10;	GetHandleVerifier [0x00A59930+198608]&#10;	GetHandleVerifier [0x00A95758+443896]&#10;	GetHandleVerifier [0x00A947FC+439964]&#10;	GetHandleVerifier [0x00A9154B+426987]&#10;	GetHandleVerifier [0x00A74FFD+310941]&#10;	GetHandleVerifier [0x00A75D8E+314414]&#10;	GetHandleVerifier [0x00A75D19+314297]&#10;	GetHandleVerifier [0x00B331EC+1089676]&#10;	GetHandleVerifier [0x00B317C9+1082985]&#10;	GetHandleVerifier [0x00B313A3+1081923]&#10;	GetHandleVerifier [0x00C2D9FD+2115741]&#10;	Ordinal0 [0x0095B82E+1488942]&#10;	Ordinal0 [0x008F5A7D+1071741]&#10;	Ordinal0 [0x008F559B+1070491]&#10;	Ordinal0 [0x008F54B1+1070257]&#10;	Ordinal0 [0x0092FF53+1310547]&#10;	BaseThreadInitThunk [0x77806359+25]&#10;	RtlGetAppContainerNamedObjectPath [0x77C587A4+228]&#10;	RtlGetAppContainerNamedObjectPath [0x77C58774+180]&#10;" type="org.openqa.selenium.SessionNotCreatedException"><![CDATA[org.openqa.selenium.SessionNotCreatedException: 
session not created
from disconnected: received Inspector.detached event
  (Session info: chrome=90.0.4430.93)
Build info: version: '3.141.59', revision: 'e82be7d358', time: '2018-11-14T08:17:03'
System info: host: 'DESKTOP-RTOOT5Q', ip: '192.168.1.5', os.name: 'Windows 10', os.arch: 'amd64', os.version: '10.0', java.version: '11.0.10'
Driver info: driver.version: ChromeDriver
remote stacktrace: Backtrace:
	Ordinal0 [0x0080E7D3+124883]
	Ordinal0 [0x0080E7B1+124849]
	GetHandleVerifier [0x00A58688+193832]
	GetHandleVerifier [0x00A4CB71+145937]
	GetHandleVerifier [0x00A4C7F9+145049]
	GetHandleVerifier [0x00A4BF7D+142877]
	GetHandleVerifier [0x00A4B45E+140030]
	GetHandleVerifier [0x00A4B6E6+140678]
	GetHandleVerifier [0x00A4B025+138949]
	GetHandleVerifier [0x00A54679+177433]
	GetHandleVerifier [0x00A4AFE1+138881]
	GetHandleVerifier [0x00A4BD62+142338]
	GetHandleVerifier [0x00A4B45E+140030]
	GetHandleVerifier [0x00A4B6E6+140678]
	GetHandleVerifier [0x00A4B025+138949]
	GetHandleVerifier [0x00A52A0A+170154]
	GetHandleVerifier [0x00A4AFE1+138881]
	GetHandleVerifier [0x00A4BD62+142338]
	GetHandleVerifier [0x00A4B45E+140030]
	GetHandleVerifier [0x00A4B6E6+140678]
	GetHandleVerifier [0x00A4B025+138949]
	GetHandleVerifier [0x00A50D69+162825]
	GetHandleVerifier [0x00A4AFE1+138881]
	GetHandleVerifier [0x00A4BD62+142338]
	GetHandleVerifier [0x00A4B45E+140030]
	GetHandleVerifier [0x00A4B6E6+140678]
	GetHandleVerifier [0x00A4B025+138949]
	GetHandleVerifier [0x00A5017C+159772]
	GetHandleVerifier [0x00A4AFE1+138881]
	GetHandleVerifier [0x00A4BD62+142338]
	GetHandleVerifier [0x00A4B45E+140030]
	GetHandleVerifier [0x00A4B6E6+140678]
	GetHandleVerifier [0x00A4B025+138949]
	GetHandleVerifier [0x00A476ED+124301]
	GetHandleVerifier [0x00A4AFE1+138881]
	GetHandleVerifier [0x00A4AE03+138403]
	GetHandleVerifier [0x00A4ABF7+137879]
	GetHandleVerifier [0x00A59930+198608]
	GetHandleVerifier [0x00A95758+443896]
	GetHandleVerifier [0x00A947FC+439964]
	GetHandleVerifier [0x00A9154B+426987]
	GetHandleVerifier [0x00A74FFD+310941]
	GetHandleVerifier [0x00A75D8E+314414]
	GetHandleVerifier [0x00A75D19+314297]
	GetHandleVerifier [0x00B331EC+1089676]
	GetHandleVerifier [0x00B317C9+1082985]
	GetHandleVerifier [0x00B313A3+1081923]
	GetHandleVerifier [0x00C2D9FD+2115741]
	Ordinal0 [0x0095B82E+1488942]
	Ordinal0 [0x008F5A7D+1071741]
	Ordinal0 [0x008F559B+1070491]
	Ordinal0 [0x008F54B1+1070257]
	Ordinal0 [0x0092FF53+1310547]
	BaseThreadInitThunk [0x77806359+25]
	RtlGetAppContainerNamedObjectPath [0x77C587A4+228]
	RtlGetAppContainerNamedObjectPath [0x77C58774+180]

]]></failure>
    <system-out><![CDATA[Constructor TestContext
Constructor TestContext
D:\Whizdom-Trainings\Online Training Workspace\March2021\ZOHOCucumberPOM
D:\Whizdom-Trainings\Online Training Workspace\March2021\ZOHOCucumberPOM
Starting scenario Creation of a Lead
Starting scenario Deletion of the lead
I am logged in zoho.com
I am logged in zoho.com
Trying to load home page after launching browser
Open browser Chrome
Trying to load home page after launching browser
Open browser Chrome
Ending scenario Deletion of the lead
-------------------------------------------------
]]></system-out>
    <system-err><![CDATA[Starting ChromeDriver 89.0.4389.23 (61b08ee2c50024bab004e48d2b1b083cdbdac579-refs/branch-heads/4389@{#294}) on port 11583
Only local connections are allowed.
Please see https://chromedriver.chromium.org/security-considerations for suggestions on keeping ChromeDriver safe.
Starting ChromeDriver 89.0.4389.23 (61b08ee2c50024bab004e48d2b1b083cdbdac579-refs/branch-heads/4389@{#294}) on port 47615
Only local connections are allowed.
Please see https://chromedriver.chromium.org/security-considerations for suggestions on keeping ChromeDriver safe.
ChromeDriver was started successfully.
ChromeDriver was started successfully.
[1620097472.163][WARNING]: This version of ChromeDriver has not been tested with Chrome version 90.
[1620097472.326][WARNING]: This version of ChromeDriver has not been tested with Chrome version 90.
[1620097479.486][WARNING]: Timed out connecting to Chrome, retrying...
]]></system-err>
  </testcase>
  <testcase name="runScenario" classname="zoho.runner.MyRunner" time="29.314">
    <failure message="session not created&#10;from chrome not reachable&#10;  (Session info: chrome=90.0.4430.93)&#10;Build info: version: &apos;3.141.59&apos;, revision: &apos;e82be7d358&apos;, time: &apos;2018-11-14T08:17:03&apos;&#10;System info: host: &apos;DESKTOP-RTOOT5Q&apos;, ip: &apos;192.168.1.5&apos;, os.name: &apos;Windows 10&apos;, os.arch: &apos;amd64&apos;, os.version: &apos;10.0&apos;, java.version: &apos;11.0.10&apos;&#10;Driver info: driver.version: ChromeDriver&#10;remote stacktrace: Backtrace:&#10;	Ordinal0 [0x0080E7D3+124883]&#10;	Ordinal0 [0x0080E7B1+124849]&#10;	GetHandleVerifier [0x00A58530+193488]&#10;	GetHandleVerifier [0x00A4E424+152260]&#10;	GetHandleVerifier [0x00A4EAE6+153990]&#10;	GetHandleVerifier [0x00A4FDD5+158837]&#10;	GetHandleVerifier [0x00A4AC51+137969]&#10;	GetHandleVerifier [0x00A59930+198608]&#10;	GetHandleVerifier [0x00A95758+443896]&#10;	GetHandleVerifier [0x00A947FC+439964]&#10;	GetHandleVerifier [0x00A9154B+426987]&#10;	GetHandleVerifier [0x00A74FFD+310941]&#10;	GetHandleVerifier [0x00A75D8E+314414]&#10;	GetHandleVerifier [0x00A75D19+314297]&#10;	GetHandleVerifier [0x00B331EC+1089676]&#10;	GetHandleVerifier [0x00B317C9+1082985]&#10;	GetHandleVerifier [0x00B313A3+1081923]&#10;	GetHandleVerifier [0x00C2D9FD+2115741]&#10;	Ordinal0 [0x0095B82E+1488942]&#10;	Ordinal0 [0x008F5A7D+1071741]&#10;	Ordinal0 [0x008F559B+1070491]&#10;	Ordinal0 [0x008F54B1+1070257]&#10;	Ordinal0 [0x0092FF53+1310547]&#10;	BaseThreadInitThunk [0x77806359+25]&#10;	RtlGetAppContainerNamedObjectPath [0x77C587A4+228]&#10;	RtlGetAppContainerNamedObjectPath [0x77C58774+180]&#10;" type="org.openqa.selenium.SessionNotCreatedException"><![CDATA[org.openqa.selenium.SessionNotCreatedException: 
session not created
from chrome not reachable
  (Session info: chrome=90.0.4430.93)
Build info: version: '3.141.59', revision: 'e82be7d358', time: '2018-11-14T08:17:03'
System info: host: 'DESKTOP-RTOOT5Q', ip: '192.168.1.5', os.name: 'Windows 10', os.arch: 'amd64', os.version: '10.0', java.version: '11.0.10'
Driver info: driver.version: ChromeDriver
remote stacktrace: Backtrace:
	Ordinal0 [0x0080E7D3+124883]
	Ordinal0 [0x0080E7B1+124849]
	GetHandleVerifier [0x00A58530+193488]
	GetHandleVerifier [0x00A4E424+152260]
	GetHandleVerifier [0x00A4EAE6+153990]
	GetHandleVerifier [0x00A4FDD5+158837]
	GetHandleVerifier [0x00A4AC51+137969]
	GetHandleVerifier [0x00A59930+198608]
	GetHandleVerifier [0x00A95758+443896]
	GetHandleVerifier [0x00A947FC+439964]
	GetHandleVerifier [0x00A9154B+426987]
	GetHandleVerifier [0x00A74FFD+310941]
	GetHandleVerifier [0x00A75D8E+314414]
	GetHandleVerifier [0x00A75D19+314297]
	GetHandleVerifier [0x00B331EC+1089676]
	GetHandleVerifier [0x00B317C9+1082985]
	GetHandleVerifier [0x00B313A3+1081923]
	GetHandleVerifier [0x00C2D9FD+2115741]
	Ordinal0 [0x0095B82E+1488942]
	Ordinal0 [0x008F5A7D+1071741]
	Ordinal0 [0x008F559B+1070491]
	Ordinal0 [0x008F54B1+1070257]
	Ordinal0 [0x0092FF53+1310547]
	BaseThreadInitThunk [0x77806359+25]
	RtlGetAppContainerNamedObjectPath [0x77C587A4+228]
	RtlGetAppContainerNamedObjectPath [0x77C58774+180]

]]></failure>
    <system-out><![CDATA[Ending scenario Creation of a Lead
-------------------------------------------------
]]></system-out>
  </testcase>
</testsuite>